<?xml version="1.0" encoding="UTF-8"?>
<testng-results skipped="0" failed="0" total="1" passed="1">
  <reporter-output>
  </reporter-output>
  <suite name="Command line suite" duration-ms="28" started-at="2019-10-14T12:54:59Z" finished-at="2019-10-14T12:54:59Z">
    <groups>
    </groups>
    <test name="Command line test" duration-ms="28" started-at="2019-10-14T12:54:59Z" finished-at="2019-10-14T12:54:59Z">
      <class name="com.automation.jenkins.JenkinsIntegration.HelloWorld">
        <test-method status="PASS" signature="helloWorld()[pri:0, instance:com.automation.jenkins.JenkinsIntegration.HelloWorld@649d209a]" name="helloWorld" duration-ms="12" started-at="2019-10-14T12:54:59Z" finished-at="2019-10-14T12:54:59Z">
          <reporter-output>
          </reporter-output>
        </test-method> <!-- helloWorld -->
      </class> <!-- com.automation.jenkins.JenkinsIntegration.HelloWorld -->
    </test> <!-- Command line test -->
  </suite> <!-- Command line suite -->
</testng-results>
